[INCOMING] uci
[OUTGOING] id name JesusChess
[OUTGOING] id author Issa Memari
[OUTGOING] uciok
[DEBUG] Engine still running, command handled
[INCOMING] isready
[OUTGOING] readyok
[DEBUG] Engine still running, command handled
[INCOMING] position fen rnbqkbnr/pppppppp/8/8/8/8/PPPPPPPP/RNBQKBNR w KQkq - 0 1 moves e2e4
[DEBUG] Engine still running, command handled
[INCOMING] go wtime 177300 btime 182000 winc 2000 binc 2000
[OUTGOING] info depth 1 multipv 1 score cp -27 pv e7e5
[OUTGOING] bestmove e7e5 ponder g1f3
[DEBUG] Engine still running, command handled
[INCOMING] stop
[OUTGOING] stop
[DEBUG] Engine still running, command handled
[INCOMING] position fen rnbqkbnr/pppppppp/8/8/8/8/PPPPPPPP/RNBQKBNR w KQkq - 0 1 moves e2e4 e7e5 f2f4
[DEBUG] Engine still running, command handled
[INCOMING] go wtime 175200 btime 183900 winc 2000 binc 2000
[OUTGOING] info depth 1 multipv 1 score cp -27 pv e7e5
[OUTGOING] bestmove e7e5 ponder g1f3
[DEBUG] Engine still running, command handled
